* 77a6911 : Mostrar costo         asientos con clasificacion.
*   2d2cd6d : Actualizando rama local
|\  
| * a0dacee : Generacion de ID desde C.
| *   1903415 : Actualizando rama local
| |\  
| * | d605e98 : Limpiando comentarios.
* | | 96fb416 : actualizado costo_asiento
| |/  
|/|   
* | e64154a : increment del id_reservacion
|/  
* 6bccf95 : Agregando screenshots finales
* d77180f : Actualizando for para pasaporte
* 8f8b26b : Corrigiendo reservacion de vuelo
*   775f827 : actualizando rama local
|\  
| * 60999fa : Previos cambios al README.md
* | 3178349 : quitando bug en calcula_monto_total
|/  
* 81e33a2 : Agregando docu interna
* c2b4c71 : Agregando reservaciones y carga de usuarios alternas.
* 14b9ed8 : Correccion en bd de procdrs y asientos.
*   62e56b5 : Actualizando rama local
|\  
| * 0dd175f : limpiando procedures
| * 5aebd7e : limpiando inserts
* | 0641d04 : Reservacion preliminar de vuelos.
|/  
* ebf783e : validando y actualizando drops
* eb0c1bf : eliminando procedure innecesario
* 767b547 : proc para calcular monto_total
* f025ee8 : actualizando tablas
* 8230c31 : actualizando info_reservacion_c
* e7829c0 : Generacion de PDF.
* e953955 : conexion a la base de datos desde c
* ce337f8 : funcionalidades de c
*   4f90a8b : actualizando rama local
|\  
| * b04f3d8 : Generar script para pdf.
| * 1ee0b63 : Separando funcionalidades.
* | 97e70c7 : quitando hub e id de aerolinea
|/  
* fbfca45 : actualizando procedures para reservar
* 57bada8 : Solicitud de credenciales en gestion operativa.
* d70298f : Parcialidad de realizar reservacion.
* f925019 : Agregando pruebas de funcionalidad
* b7ba347 : eliminando zips
* 063bf43 : Sacando imagenes del zip
* 71be453 : procedures para insertar y eliminar reservaciones
* d1c23e7 : elimando datos innecesarios
* a038d36 : Eliminacion de avion.
* 962c42e : excepcion en eliminar_vuelo
* fb1c497 : funcion para eliminar aviones
* a51ba01 : Registro de aviones <pendiente eliminar>.
* fd6f7a5 : Adicion de registro de aviones parcial.
* 16c5b98 : Primeros objetivos logrados
* faebe23 : Primeras capturas de pantalla
* 6511466 : procedure para mostrar aviones
* b67eb5c : actualizando tablas
* 2c7fa5c : procedures para las reservaciones
* 529dc53 : Incluyendo tabulacion de asientos por fila.
* 84f8ba0 : actualizando procedure fila_asiento
* 8838ed8 : Corrigiendo procedure para estado de vuelo
* 3b152c3 : modificando tablas de reservacion
*   58af5b0 : Actualizando rama local
|\  
| * 9ec3ee0 : Mejoras en tabulacion y carga de usuarios.
| * f1ceaee : Actualizando rama local
| * 7ee1336 : Registros de vuelo tabulados.
* | 6064911 : Validaciones para reservacion
|/  
* 98ab549 : Funcionalidad previa de estado de vuelo.
* 4550a4c : diseño de la base de datos
* 64f964f : eliminando script sql
* 4b6bdc4 : separando scripts de la base de datos
* 9ed0818 : Estadisticas de vuelos/resrv y carga usuarios.
* df49ba6 : validaciones de usuario y contrasenia
* 1aadb1f : Agregando manual de usuario
* 66ef895 : Ajustando navegacion de menus.
* 6542942 : Eliminando tst connect.
*   3982026 : Actualizando Aerolinea_bd.sql
|\  
| * f4425b5 : Agregando y mejorando procedures
* | ae480dd : Reportes de usuarios en archivos.
|/  
* 26b9a5a : Cambios en gitignore.
* 8348f01 : Ajustando ubicaciones de archivos.
* c8f4bb0 : Cargar usuarios con consulta
* 5bd6067 : Cargar usuarios con consulta
* d9b73d0 : consultas estadisticas y de estado de vuelo
* d5423fa : Actualizando rutas en gitignore
* a1ea71c : Agregando archivos config en .gitignore
* 9a9804e : test para conectar bd
* 00d7673 : Agregando inserts a tablas
* ab64e9a : agregando inserts a tablas
* 9c4901a : llaves foraneas e inserts
* bd34017 : Agregando script de tablas
* 7bfb92b : Eliminando prueba del bd
* e5be1ef : probando archivos mysql
* e2e086a : Incluyendo los menu en terminal
* 4e76650 : Ignorar codigos objeto en gitignore
* 2460ad5 : Incluyendo menus en formato ascii
* f429831 : Ajustando makefile
* 66d1e09 : Posicionando imágenes en README
* d9903c9 : Documentacion de ER y README.
* 8aad2c3 : Initial commit